freq[0]: 10891
freq[1]: 1122
freq[2]: 479
freq[3]: 462
freq[4]: 275
freq[5]: 67
freq[6]: 39
freq[7]: 609
freq[8]: 203
freq[9]: 192
freq[10]: 72
freq[11]: 49
freq[12]: 78
freq[13]: 92
freq[14]: 21
freq[15]: 39
freq[16]: 421
freq[17]: 74
freq[18]: 243
freq[19]: 25
freq[20]: 96
freq[21]: 66
freq[22]: 55
freq[23]: 38
freq[24]: 79
freq[25]: 18
freq[26]: 13
freq[27]: 30
freq[28]: 46
freq[29]: 21
freq[30]: 19
freq[31]: 37
freq[32]: 648
freq[33]: 51
freq[34]: 76
freq[35]: 123
freq[36]: 30
freq[37]: 90
freq[38]: 62
freq[39]: 338
freq[40]: 89
freq[41]: 34
freq[42]: 9
freq[43]: 17
freq[44]: 25
freq[45]: 74
freq[46]: 192
freq[47]: 136
freq[48]: 188
freq[49]: 91
freq[50]: 110
freq[51]: 49
freq[52]: 68
freq[53]: 29
freq[54]: 56
freq[55]: 16
freq[56]: 57
freq[57]: 40
freq[58]: 77
freq[59]: 22
freq[60]: 21
freq[61]: 23
freq[62]: 16
freq[63]: 70
freq[64]: 399
freq[65]: 64
freq[66]: 58
freq[67]: 136
freq[68]: 351
freq[69]: 115
freq[70]: 33
freq[71]: 67
freq[72]: 169
freq[73]: 50
freq[74]: 15
freq[75]: 8
freq[76]: 102
freq[77]: 16
freq[78]: 68
freq[79]: 46
freq[80]: 46
freq[81]: 7
freq[82]: 49
freq[83]: 112
freq[84]: 68
freq[85]: 36
freq[86]: 10
freq[87]: 39
freq[88]: 32
freq[89]: 18
freq[90]: 13
freq[91]: 3
freq[92]: 13
freq[93]: 11
freq[94]: 4
freq[95]: 444
freq[96]: 461
freq[97]: 291
freq[98]: 61
freq[99]: 247
freq[100]: 223
freq[101]: 479
freq[102]: 127
freq[103]: 47
freq[104]: 104
freq[105]: 330
freq[106]: 5
freq[107]: 34
freq[108]: 250
freq[109]: 118
freq[110]: 289
freq[111]: 366
freq[112]: 185
freq[113]: 17
freq[114]: 361
freq[115]: 295
freq[116]: 382
freq[117]: 138
freq[118]: 37
freq[119]: 18
freq[120]: 55
freq[121]: 27
freq[122]: 10
freq[123]: 6
freq[124]: 24
freq[125]: 10
freq[126]: 14
freq[127]: 63
freq[128]: 291
freq[129]: 149
freq[130]: 226
freq[131]: 46
freq[132]: 17
freq[133]: 9
freq[134]: 6
freq[135]: 4
freq[136]: 54
freq[137]: 12
freq[138]: 6
freq[139]: 3
freq[140]: 24
freq[141]: 3
freq[142]: 4
freq[143]: 7
freq[144]: 163
freq[145]: 4
freq[146]: 37
freq[147]: 10
freq[148]: 47
freq[149]: 16
freq[150]: 16
freq[151]: 1
freq[152]: 57
freq[153]: 6
freq[154]: 48
freq[155]: 31
freq[156]: 20
freq[157]: 73
freq[158]: 4
freq[159]: 9
freq[160]: 577
freq[161]: 9
freq[162]: 6
freq[163]: 17
freq[164]: 18
freq[165]: 3
freq[166]: 4
freq[167]: 11
freq[168]: 16
freq[169]: 3
freq[170]: 4
freq[171]: 3
freq[172]: 5
freq[173]: 5
freq[174]: 14
freq[175]: 9
freq[176]: 37
freq[177]: 10
freq[178]: 5
freq[179]: 6
freq[180]: 29
freq[181]: 13
freq[182]: 1
freq[183]: 3
freq[184]: 18
freq[185]: 4
freq[186]: 9
freq[187]: 10
freq[188]: 16
freq[189]: 9
freq[190]: 17
freq[191]: 521
freq[192]: 165
freq[193]: 6
freq[194]: 624
freq[195]: 18
freq[196]: 14
freq[197]: 8
freq[198]: 13
freq[199]: 77
freq[200]: 19
freq[201]: 6
freq[202]: 8
freq[203]: 3
freq[204]: 15
freq[205]: 15
freq[206]: 13
freq[207]: 4
freq[208]: 124
freq[209]: 2
freq[210]: 70
freq[211]: 10
freq[212]: 44
freq[213]: 8
freq[214]: 31
freq[215]: 10
freq[216]: 47
freq[217]: 12
freq[218]: 133
freq[219]: 5
freq[220]: 12
freq[221]: 6
freq[222]: 20
freq[223]: 9
freq[224]: 123
freq[225]: 13
freq[226]: 11
freq[227]: 81
freq[228]: 55
freq[229]: 5
freq[230]: 7
freq[231]: 16
freq[232]: 146
freq[233]: 1
freq[234]: 8
freq[235]: 21
freq[236]: 178
freq[237]: 7
freq[238]: 6
freq[239]: 28
freq[240]: 106
freq[241]: 29
freq[242]: 33
freq[243]: 7
freq[244]: 23
freq[245]: 4
freq[246]: 30
freq[247]: 14
freq[248]: 23
freq[249]: 16
freq[250]: 46
freq[251]: 12
freq[252]: 36
freq[253]: 11
freq[254]: 17
freq[255]: 274
